2017-11-28 18:06:10 INFO  DefaultTestContextBootstrapper:260 - Loaded default TestExecutionListener class names from location [META-INF/spring.factories]: [org.springframework.test.context.web.ServletTestExecutionListener, org.springframework.test.context.support.DirtiesContextBeforeModesTestExecutionListener, org.springframework.test.context.support.DependencyInjectionTestExecutionListener, org.springframework.test.context.support.DirtiesContextTestExecutionListener, org.springframework.test.context.transaction.TransactionalTestExecutionListener, org.springframework.test.context.jdbc.SqlScriptsTestExecutionListener]
2017-11-28 18:06:10 INFO  DefaultTestContextBootstrapper:187 - Using TestExecutionListeners: [org.springframework.test.context.web.ServletTestExecutionListener@4cc451f2, org.springframework.test.context.support.DirtiesContextBeforeModesTestExecutionListener@6379eb, org.springframework.test.context.support.DependencyInjectionTestExecutionListener@294425a7, org.springframework.test.context.support.DirtiesContextTestExecutionListener@67d48005, org.springframework.test.context.transaction.TransactionalTestExecutionListener@9f116cc, org.springframework.test.context.jdbc.SqlScriptsTestExecutionListener@12468a38]
2017-11-28 18:06:11 INFO  XmlBeanDefinitionReader:317 - Loading XML bean definitions from class path resource [appContext.xml]
2017-11-28 18:06:11 INFO  GenericApplicationContext:583 - Refreshing org.springframework.context.support.GenericApplicationContext@6b2ea799: startup date [Tue Nov 28 18:06:11 IST 2017]; root of context hierarchy
2017-11-28 18:06:11 INFO  AutowiredAnnotationBeanPostProcessor:155 - JSR-330 'javax.inject.Inject' annotation found and supported for autowiring
2017-11-28 18:06:12 INFO  MLog:212 - MLog clients using slf4j logging.
2017-11-28 18:06:12 INFO  C3P0Registry:212 - Initializing c3p0-0.9.5.2 [built 08-December-2015 22:06:04 -0800; debug? true; trace: 10]
2017-11-28 18:06:12 INFO  LocalContainerEntityManagerFactoryBean:349 - Building JPA container EntityManagerFactory for persistence unit 'V2CRM_PersistenceUnit'
2017-11-28 18:06:12 INFO  LogHelper:31 - HHH000204: Processing PersistenceUnitInfo [
	name: V2CRM_PersistenceUnit
	...]
2017-11-28 18:06:13 INFO  Version:45 - HHH000412: Hibernate Core {5.2.10.Final}
2017-11-28 18:06:13 INFO  Environment:213 - HHH000206: hibernate.properties not found
2017-11-28 18:06:13 INFO  Version:66 - HCANN000001: Hibernate Commons Annotations {5.0.1.Final}
2017-11-28 18:06:13 INFO  AbstractPoolBackedDataSource:212 - Initializing c3p0 pool... com.mchange.v2.c3p0.ComboPooledDataSource [ acquireIncrement -> 3, acquireRetryAttempts -> 30, acquireRetryDelay -> 1000, autoCommitOnClose -> false, automaticTestTable -> null, breakAfterAcquireFailure -> false, checkoutTimeout -> 5000, connectionCustomizerClassName -> null, connectionTesterClassName -> com.mchange.v2.c3p0.impl.DefaultConnectionTester, contextClassLoaderSource -> caller, dataSourceName -> 1hge1189sq8vinlupud|45be7cd5, debugUnreturnedConnectionStackTraces -> false, description -> null, driverClass -> com.mysql.jdbc.Driver, extensions -> {}, factoryClassLocation -> null, forceIgnoreUnresolvedTransactions -> false, forceSynchronousCheckins -> false, forceUseNamedDriverClass -> false, identityToken -> 1hge1189sq8vinlupud|45be7cd5, idleConnectionTestPeriod -> 60, initialPoolSize -> 3, jdbcUrl -> jdbc:mysql://localhost:3306/twenty20, maxAdministrativeTaskTime -> 0, maxConnectionAge -> 10, maxIdleTime -> 180, maxIdleTimeExcessConnections -> 0, maxPoolSize -> 25, maxStatements -> 0, maxStatementsPerConnection -> 0, minPoolSize -> 6, numHelperThreads -> 3, preferredTestQuery -> SELECT 1, privilegeSpawnedThreads -> false, properties -> {user=******, password=******}, propertyCycle -> 0, statementCacheNumDeferredCloseThreads -> 0, testConnectionOnCheckin -> true, testConnectionOnCheckout -> true, unreturnedConnectionTimeout -> 0, userOverrides -> {}, usesTraditionalReflectiveProxies -> false ]
2017-11-28 18:06:13 WARN  BasicResourcePool:220 - Bad pool size config, start 3 < min 6. Using 6 as start.
2017-11-28 18:06:13 INFO  Dialect:157 - HHH000400: Using dialect: org.hibernate.dialect.MySQL5InnoDBDialect
2017-11-28 18:06:14 INFO  Version:30 - HV000001: Hibernate Validator 5.4.0.Final
2017-11-28 18:06:16 INFO  QueryTranslatorFactoryInitiator:47 - HHH000397: Using ASTQueryTranslatorFactory
2017-11-28 18:06:16 INFO  LocalContainerEntityManagerFactoryBean:379 - Initialized JPA EntityManagerFactory for persistence unit 'V2CRM_PersistenceUnit'
2017-11-28 18:06:17 INFO  ServerImpl:85 - Setting the server's publish address to be /rest/
2017-11-28 18:06:18 INFO  TransactionContext:101 - Began transaction (1) for test context [DefaultTestContext@15130002 testClass = TestUser, testInstance = com.twenty20.services.test.TestUser@5e7cd0df, testMethod = testUser@TestUser, testException = [null], mergedContextConfiguration = [MergedContextConfiguration@fd87c22 testClass = TestUser, locations = '{classpath:appContext.xml}', classes = '{}', contextInitializerClasses = '[]', activeProfiles = '{}', propertySourceLocations = '{}', propertySourceProperties = '{}', contextCustomizers = set[[empty]], contextLoader = 'org.springframework.test.context.support.DelegatingSmartContextLoader', parent = [null]]]; transaction manager [org.springframework.orm.jpa.JpaTransactionManager@40863800]; rollback [false]
2017-11-28 18:06:24 INFO  GlobalSettings:113 - Trying to find Dozer configuration file: dozer.properties
2017-11-28 18:06:24 WARN  GlobalSettings:118 - Dozer configuration file not found: dozer.properties.  Using defaults for all Dozer global properties.
2017-11-28 18:06:24 INFO  DozerInitializer:75 - Initializing Dozer. Version: 5.5.0, Thread Name: main
2017-11-28 18:06:24 INFO  JMXPlatformImpl:66 - Dozer JMX MBean [org.dozer.jmx:type=DozerStatisticsController] auto registered with the Platform MBean Server
2017-11-28 18:06:24 INFO  JMXPlatformImpl:66 - Dozer JMX MBean [org.dozer.jmx:type=DozerAdminController] auto registered with the Platform MBean Server
2017-11-28 18:06:24 INFO  DozerBeanMapper:175 - Initializing a new instance of dozer bean mapper.
2017-11-28 18:06:24 INFO  TransactionContext:136 - Committed transaction for test context [DefaultTestContext@15130002 testClass = TestUser, testInstance = com.twenty20.services.test.TestUser@5e7cd0df, testMethod = testUser@TestUser, testException = [null], mergedContextConfiguration = [MergedContextConfiguration@fd87c22 testClass = TestUser, locations = '{classpath:appContext.xml}', classes = '{}', contextInitializerClasses = '[]', activeProfiles = '{}', propertySourceLocations = '{}', propertySourceProperties = '{}', contextCustomizers = set[[empty]], contextLoader = 'org.springframework.test.context.support.DelegatingSmartContextLoader', parent = [null]]].
2017-11-28 18:06:24 INFO  GenericApplicationContext:984 - Closing org.springframework.context.support.GenericApplicationContext@6b2ea799: startup date [Tue Nov 28 18:06:11 IST 2017]; root of context hierarchy
2017-11-28 18:06:24 INFO  LocalContainerEntityManagerFactoryBean:548 - Closing JPA EntityManagerFactory for persistence unit 'V2CRM_PersistenceUnit'
2017-11-30 15:19:16 INFO  DefaultTestContextBootstrapper:260 - Loaded default TestExecutionListener class names from location [META-INF/spring.factories]: [org.springframework.test.context.web.ServletTestExecutionListener, org.springframework.test.context.support.DirtiesContextBeforeModesTestExecutionListener, org.springframework.test.context.support.DependencyInjectionTestExecutionListener, org.springframework.test.context.support.DirtiesContextTestExecutionListener, org.springframework.test.context.transaction.TransactionalTestExecutionListener, org.springframework.test.context.jdbc.SqlScriptsTestExecutionListener]
2017-11-30 15:19:16 INFO  DefaultTestContextBootstrapper:187 - Using TestExecutionListeners: [org.springframework.test.context.web.ServletTestExecutionListener@4b952a2d, org.springframework.test.context.support.DirtiesContextBeforeModesTestExecutionListener@3159c4b8, org.springframework.test.context.support.DependencyInjectionTestExecutionListener@73846619, org.springframework.test.context.support.DirtiesContextTestExecutionListener@4bec1f0c, org.springframework.test.context.transaction.TransactionalTestExecutionListener@29ca901e, org.springframework.test.context.jdbc.SqlScriptsTestExecutionListener@5649fd9b]
2017-11-30 15:19:16 INFO  XmlBeanDefinitionReader:317 - Loading XML bean definitions from class path resource [appContext.xml]
2017-11-30 15:19:17 INFO  GenericApplicationContext:583 - Refreshing org.springframework.context.support.GenericApplicationContext@57855c9a: startup date [Thu Nov 30 15:19:17 IST 2017]; root of context hierarchy
2017-11-30 15:19:17 INFO  AutowiredAnnotationBeanPostProcessor:155 - JSR-330 'javax.inject.Inject' annotation found and supported for autowiring
2017-11-30 15:19:17 INFO  MLog:212 - MLog clients using slf4j logging.
2017-11-30 15:19:17 INFO  C3P0Registry:212 - Initializing c3p0-0.9.5.2 [built 08-December-2015 22:06:04 -0800; debug? true; trace: 10]
2017-11-30 15:19:18 INFO  LocalContainerEntityManagerFactoryBean:349 - Building JPA container EntityManagerFactory for persistence unit 'V2CRM_PersistenceUnit'
2017-11-30 15:19:18 INFO  LogHelper:31 - HHH000204: Processing PersistenceUnitInfo [
	name: V2CRM_PersistenceUnit
	...]
2017-11-30 15:19:18 INFO  Version:45 - HHH000412: Hibernate Core {5.2.10.Final}
2017-11-30 15:19:18 INFO  Environment:213 - HHH000206: hibernate.properties not found
2017-11-30 15:19:18 INFO  Version:66 - HCANN000001: Hibernate Commons Annotations {5.0.1.Final}
2017-11-30 15:19:18 INFO  AbstractPoolBackedDataSource:212 - Initializing c3p0 pool... com.mchange.v2.c3p0.ComboPooledDataSource [ acquireIncrement -> 3, acquireRetryAttempts -> 30, acquireRetryDelay -> 1000, autoCommitOnClose -> false, automaticTestTable -> null, breakAfterAcquireFailure -> false, checkoutTimeout -> 5000, connectionCustomizerClassName -> null, connectionTesterClassName -> com.mchange.v2.c3p0.impl.DefaultConnectionTester, contextClassLoaderSource -> caller, dataSourceName -> 1hge1189s3f5xjv1dgru4d|52b1beb6, debugUnreturnedConnectionStackTraces -> false, description -> null, driverClass -> com.mysql.jdbc.Driver, extensions -> {}, factoryClassLocation -> null, forceIgnoreUnresolvedTransactions -> false, forceSynchronousCheckins -> false, forceUseNamedDriverClass -> false, identityToken -> 1hge1189s3f5xjv1dgru4d|52b1beb6, idleConnectionTestPeriod -> 60, initialPoolSize -> 3, jdbcUrl -> jdbc:mysql://localhost:3306/twenty20, maxAdministrativeTaskTime -> 0, maxConnectionAge -> 10, maxIdleTime -> 180, maxIdleTimeExcessConnections -> 0, maxPoolSize -> 25, maxStatements -> 0, maxStatementsPerConnection -> 0, minPoolSize -> 6, numHelperThreads -> 3, preferredTestQuery -> SELECT 1, privilegeSpawnedThreads -> false, properties -> {user=******, password=******}, propertyCycle -> 0, statementCacheNumDeferredCloseThreads -> 0, testConnectionOnCheckin -> true, testConnectionOnCheckout -> true, unreturnedConnectionTimeout -> 0, userOverrides -> {}, usesTraditionalReflectiveProxies -> false ]
2017-11-30 15:19:18 WARN  BasicResourcePool:220 - Bad pool size config, start 3 < min 6. Using 6 as start.
2017-11-30 15:19:19 INFO  Dialect:157 - HHH000400: Using dialect: org.hibernate.dialect.MySQL5InnoDBDialect
2017-11-30 15:19:19 INFO  Version:30 - HV000001: Hibernate Validator 5.4.0.Final
2017-11-30 15:19:21 INFO  QueryTranslatorFactoryInitiator:47 - HHH000397: Using ASTQueryTranslatorFactory
2017-11-30 15:19:21 INFO  LocalContainerEntityManagerFactoryBean:379 - Initialized JPA EntityManagerFactory for persistence unit 'V2CRM_PersistenceUnit'
2017-11-30 15:19:22 INFO  ServerImpl:85 - Setting the server's publish address to be /rest/
2017-11-30 15:19:23 INFO  TransactionContext:101 - Began transaction (1) for test context [DefaultTestContext@64ae105d testClass = TestUser, testInstance = com.twenty20.services.test.TestUser@10a18e3e, testMethod = testUserSupplier@TestUser, testException = [null], mergedContextConfiguration = [MergedContextConfiguration@3d88e6b9 testClass = TestUser, locations = '{classpath:appContext.xml}', classes = '{}', contextInitializerClasses = '[]', activeProfiles = '{}', propertySourceLocations = '{}', propertySourceProperties = '{}', contextCustomizers = set[[empty]], contextLoader = 'org.springframework.test.context.support.DelegatingSmartContextLoader', parent = [null]]]; transaction manager [org.springframework.orm.jpa.JpaTransactionManager@59838256]; rollback [false]
2017-11-30 15:19:23 INFO  TransactionContext:136 - Committed transaction for test context [DefaultTestContext@64ae105d testClass = TestUser, testInstance = com.twenty20.services.test.TestUser@10a18e3e, testMethod = testUserSupplier@TestUser, testException = [null], mergedContextConfiguration = [MergedContextConfiguration@3d88e6b9 testClass = TestUser, locations = '{classpath:appContext.xml}', classes = '{}', contextInitializerClasses = '[]', activeProfiles = '{}', propertySourceLocations = '{}', propertySourceProperties = '{}', contextCustomizers = set[[empty]], contextLoader = 'org.springframework.test.context.support.DelegatingSmartContextLoader', parent = [null]]].
2017-11-30 15:19:23 INFO  GenericApplicationContext:984 - Closing org.springframework.context.support.GenericApplicationContext@57855c9a: startup date [Thu Nov 30 15:19:17 IST 2017]; root of context hierarchy
2017-11-30 15:19:23 INFO  LocalContainerEntityManagerFactoryBean:548 - Closing JPA EntityManagerFactory for persistence unit 'V2CRM_PersistenceUnit'
2017-12-02 15:14:41 INFO  DefaultTestContextBootstrapper:260 - Loaded default TestExecutionListener class names from location [META-INF/spring.factories]: [org.springframework.test.context.web.ServletTestExecutionListener, org.springframework.test.context.support.DirtiesContextBeforeModesTestExecutionListener, org.springframework.test.context.support.DependencyInjectionTestExecutionListener, org.springframework.test.context.support.DirtiesContextTestExecutionListener, org.springframework.test.context.transaction.TransactionalTestExecutionListener, org.springframework.test.context.jdbc.SqlScriptsTestExecutionListener]
2017-12-02 15:14:41 INFO  DefaultTestContextBootstrapper:187 - Using TestExecutionListeners: [org.springframework.test.context.web.ServletTestExecutionListener@4b952a2d, org.springframework.test.context.support.DirtiesContextBeforeModesTestExecutionListener@3159c4b8, org.springframework.test.context.support.DependencyInjectionTestExecutionListener@73846619, org.springframework.test.context.support.DirtiesContextTestExecutionListener@4bec1f0c, org.springframework.test.context.transaction.TransactionalTestExecutionListener@29ca901e, org.springframework.test.context.jdbc.SqlScriptsTestExecutionListener@5649fd9b]
2017-12-02 15:14:41 INFO  XmlBeanDefinitionReader:317 - Loading XML bean definitions from class path resource [appContext.xml]
2017-12-02 15:14:42 INFO  GenericApplicationContext:583 - Refreshing org.springframework.context.support.GenericApplicationContext@57855c9a: startup date [Sat Dec 02 15:14:42 IST 2017]; root of context hierarchy
2017-12-02 15:14:42 INFO  AutowiredAnnotationBeanPostProcessor:155 - JSR-330 'javax.inject.Inject' annotation found and supported for autowiring
2017-12-02 15:14:43 INFO  MLog:212 - MLog clients using slf4j logging.
2017-12-02 15:14:43 INFO  C3P0Registry:212 - Initializing c3p0-0.9.5.2 [built 08-December-2015 22:06:04 -0800; debug? true; trace: 10]
2017-12-02 15:14:44 INFO  LocalContainerEntityManagerFactoryBean:349 - Building JPA container EntityManagerFactory for persistence unit 'V2CRM_PersistenceUnit'
2017-12-02 15:14:44 INFO  LogHelper:31 - HHH000204: Processing PersistenceUnitInfo [
	name: V2CRM_PersistenceUnit
	...]
2017-12-02 15:14:44 INFO  Version:45 - HHH000412: Hibernate Core {5.2.10.Final}
2017-12-02 15:14:44 INFO  Environment:213 - HHH000206: hibernate.properties not found
2017-12-02 15:14:44 INFO  Version:66 - HCANN000001: Hibernate Commons Annotations {5.0.1.Final}
2017-12-02 15:14:45 INFO  AbstractPoolBackedDataSource:212 - Initializing c3p0 pool... com.mchange.v2.c3p0.ComboPooledDataSource [ acquireIncrement -> 3, acquireRetryAttempts -> 30, acquireRetryDelay -> 1000, autoCommitOnClose -> false, automaticTestTable -> null, breakAfterAcquireFailure -> false, checkoutTimeout -> 5000, connectionCustomizerClassName -> null, connectionTesterClassName -> com.mchange.v2.c3p0.impl.DefaultConnectionTester, contextClassLoaderSource -> caller, dataSourceName -> 1hge1189s69vr4ssx3fe2|52b1beb6, debugUnreturnedConnectionStackTraces -> false, description -> null, driverClass -> com.mysql.jdbc.Driver, extensions -> {}, factoryClassLocation -> null, forceIgnoreUnresolvedTransactions -> false, forceSynchronousCheckins -> false, forceUseNamedDriverClass -> false, identityToken -> 1hge1189s69vr4ssx3fe2|52b1beb6, idleConnectionTestPeriod -> 60, initialPoolSize -> 3, jdbcUrl -> jdbc:mysql://localhost:3306/twenty20, maxAdministrativeTaskTime -> 0, maxConnectionAge -> 10, maxIdleTime -> 180, maxIdleTimeExcessConnections -> 0, maxPoolSize -> 25, maxStatements -> 0, maxStatementsPerConnection -> 0, minPoolSize -> 6, numHelperThreads -> 3, preferredTestQuery -> SELECT 1, privilegeSpawnedThreads -> false, properties -> {user=******, password=******}, propertyCycle -> 0, statementCacheNumDeferredCloseThreads -> 0, testConnectionOnCheckin -> true, testConnectionOnCheckout -> true, unreturnedConnectionTimeout -> 0, userOverrides -> {}, usesTraditionalReflectiveProxies -> false ]
2017-12-02 15:14:45 WARN  BasicResourcePool:220 - Bad pool size config, start 3 < min 6. Using 6 as start.
2017-12-02 15:14:45 INFO  Dialect:157 - HHH000400: Using dialect: org.hibernate.dialect.MySQL5InnoDBDialect
2017-12-02 15:14:46 INFO  Version:30 - HV000001: Hibernate Validator 5.4.0.Final
2017-12-02 15:14:47 INFO  QueryTranslatorFactoryInitiator:47 - HHH000397: Using ASTQueryTranslatorFactory
2017-12-02 15:14:48 INFO  LocalContainerEntityManagerFactoryBean:379 - Initialized JPA EntityManagerFactory for persistence unit 'V2CRM_PersistenceUnit'
2017-12-02 15:14:48 INFO  ServerImpl:85 - Setting the server's publish address to be /rest/
2017-12-02 15:14:49 INFO  TransactionContext:101 - Began transaction (1) for test context [DefaultTestContext@198536f6 testClass = TestUser, testInstance = com.twenty20.services.test.TestUser@7fdd43cd, testMethod = testUser@TestUser, testException = [null], mergedContextConfiguration = [MergedContextConfiguration@9accff0 testClass = TestUser, locations = '{classpath:appContext.xml}', classes = '{}', contextInitializerClasses = '[]', activeProfiles = '{}', propertySourceLocations = '{}', propertySourceProperties = '{}', contextCustomizers = set[[empty]], contextLoader = 'org.springframework.test.context.support.DelegatingSmartContextLoader', parent = [null]]]; transaction manager [org.springframework.orm.jpa.JpaTransactionManager@64763e49]; rollback [false]
2017-12-02 15:14:49 INFO  GlobalSettings:113 - Trying to find Dozer configuration file: dozer.properties
2017-12-02 15:14:49 WARN  GlobalSettings:118 - Dozer configuration file not found: dozer.properties.  Using defaults for all Dozer global properties.
2017-12-02 15:14:49 INFO  DozerInitializer:75 - Initializing Dozer. Version: 5.5.0, Thread Name: main
2017-12-02 15:14:49 INFO  JMXPlatformImpl:66 - Dozer JMX MBean [org.dozer.jmx:type=DozerStatisticsController] auto registered with the Platform MBean Server
2017-12-02 15:14:49 INFO  JMXPlatformImpl:66 - Dozer JMX MBean [org.dozer.jmx:type=DozerAdminController] auto registered with the Platform MBean Server
2017-12-02 15:14:49 INFO  DozerBeanMapper:175 - Initializing a new instance of dozer bean mapper.
2017-12-02 15:14:50 INFO  TransactionContext:136 - Committed transaction for test context [DefaultTestContext@198536f6 testClass = TestUser, testInstance = com.twenty20.services.test.TestUser@7fdd43cd, testMethod = testUser@TestUser, testException = [null], mergedContextConfiguration = [MergedContextConfiguration@9accff0 testClass = TestUser, locations = '{classpath:appContext.xml}', classes = '{}', contextInitializerClasses = '[]', activeProfiles = '{}', propertySourceLocations = '{}', propertySourceProperties = '{}', contextCustomizers = set[[empty]], contextLoader = 'org.springframework.test.context.support.DelegatingSmartContextLoader', parent = [null]]].
2017-12-02 15:14:50 INFO  GenericApplicationContext:984 - Closing org.springframework.context.support.GenericApplicationContext@57855c9a: startup date [Sat Dec 02 15:14:42 IST 2017]; root of context hierarchy
2017-12-02 15:14:50 INFO  LocalContainerEntityManagerFactoryBean:548 - Closing JPA EntityManagerFactory for persistence unit 'V2CRM_PersistenceUnit'
2017-12-02 15:17:05 INFO  DefaultTestContextBootstrapper:260 - Loaded default TestExecutionListener class names from location [META-INF/spring.factories]: [org.springframework.test.context.web.ServletTestExecutionListener, org.springframework.test.context.support.DirtiesContextBeforeModesTestExecutionListener, org.springframework.test.context.support.DependencyInjectionTestExecutionListener, org.springframework.test.context.support.DirtiesContextTestExecutionListener, org.springframework.test.context.transaction.TransactionalTestExecutionListener, org.springframework.test.context.jdbc.SqlScriptsTestExecutionListener]
2017-12-02 15:17:05 INFO  DefaultTestContextBootstrapper:187 - Using TestExecutionListeners: [org.springframework.test.context.web.ServletTestExecutionListener@4cc451f2, org.springframework.test.context.support.DirtiesContextBeforeModesTestExecutionListener@6379eb, org.springframework.test.context.support.DependencyInjectionTestExecutionListener@294425a7, org.springframework.test.context.support.DirtiesContextTestExecutionListener@67d48005, org.springframework.test.context.transaction.TransactionalTestExecutionListener@9f116cc, org.springframework.test.context.jdbc.SqlScriptsTestExecutionListener@12468a38]
2017-12-02 15:17:05 INFO  XmlBeanDefinitionReader:317 - Loading XML bean definitions from class path resource [appContext.xml]
2017-12-02 15:17:06 INFO  GenericApplicationContext:583 - Refreshing org.springframework.context.support.GenericApplicationContext@6b2ea799: startup date [Sat Dec 02 15:17:06 IST 2017]; root of context hierarchy
2017-12-02 15:17:06 INFO  AutowiredAnnotationBeanPostProcessor:155 - JSR-330 'javax.inject.Inject' annotation found and supported for autowiring
2017-12-02 15:17:06 INFO  MLog:212 - MLog clients using slf4j logging.
2017-12-02 15:17:07 INFO  C3P0Registry:212 - Initializing c3p0-0.9.5.2 [built 08-December-2015 22:06:04 -0800; debug? true; trace: 10]
2017-12-02 15:17:07 INFO  LocalContainerEntityManagerFactoryBean:349 - Building JPA container EntityManagerFactory for persistence unit 'V2CRM_PersistenceUnit'
2017-12-02 15:17:07 INFO  LogHelper:31 - HHH000204: Processing PersistenceUnitInfo [
	name: V2CRM_PersistenceUnit
	...]
2017-12-02 15:17:07 INFO  Version:45 - HHH000412: Hibernate Core {5.2.10.Final}
2017-12-02 15:17:07 INFO  Environment:213 - HHH000206: hibernate.properties not found
2017-12-02 15:17:07 INFO  Version:66 - HCANN000001: Hibernate Commons Annotations {5.0.1.Final}
2017-12-02 15:17:08 INFO  AbstractPoolBackedDataSource:212 - Initializing c3p0 pool... com.mchange.v2.c3p0.ComboPooledDataSource [ acquireIncrement -> 3, acquireRetryAttempts -> 30, acquireRetryDelay -> 1000, autoCommitOnClose -> false, automaticTestTable -> null, breakAfterAcquireFailure -> false, checkoutTimeout -> 5000, connectionCustomizerClassName -> null, connectionTesterClassName -> com.mchange.v2.c3p0.impl.DefaultConnectionTester, contextClassLoaderSource -> caller, dataSourceName -> 1hge1189s69ytwhqkui8a|7651218e, debugUnreturnedConnectionStackTraces -> false, description -> null, driverClass -> com.mysql.jdbc.Driver, extensions -> {}, factoryClassLocation -> null, forceIgnoreUnresolvedTransactions -> false, forceSynchronousCheckins -> false, forceUseNamedDriverClass -> false, identityToken -> 1hge1189s69ytwhqkui8a|7651218e, idleConnectionTestPeriod -> 60, initialPoolSize -> 3, jdbcUrl -> jdbc:mysql://localhost:3306/twenty20, maxAdministrativeTaskTime -> 0, maxConnectionAge -> 10, maxIdleTime -> 180, maxIdleTimeExcessConnections -> 0, maxPoolSize -> 25, maxStatements -> 0, maxStatementsPerConnection -> 0, minPoolSize -> 6, numHelperThreads -> 3, preferredTestQuery -> SELECT 1, privilegeSpawnedThreads -> false, properties -> {user=******, password=******}, propertyCycle -> 0, statementCacheNumDeferredCloseThreads -> 0, testConnectionOnCheckin -> true, testConnectionOnCheckout -> true, unreturnedConnectionTimeout -> 0, userOverrides -> {}, usesTraditionalReflectiveProxies -> false ]
2017-12-02 15:17:08 WARN  BasicResourcePool:220 - Bad pool size config, start 3 < min 6. Using 6 as start.
2017-12-02 15:17:08 INFO  Dialect:157 - HHH000400: Using dialect: org.hibernate.dialect.MySQL5InnoDBDialect
2017-12-02 15:17:09 INFO  Version:30 - HV000001: Hibernate Validator 5.4.0.Final
2017-12-02 15:17:10 INFO  QueryTranslatorFactoryInitiator:47 - HHH000397: Using ASTQueryTranslatorFactory
2017-12-02 15:17:11 INFO  LocalContainerEntityManagerFactoryBean:379 - Initialized JPA EntityManagerFactory for persistence unit 'V2CRM_PersistenceUnit'
2017-12-02 15:17:12 INFO  ServerImpl:85 - Setting the server's publish address to be /rest/
2017-12-02 15:17:13 INFO  TransactionContext:101 - Began transaction (1) for test context [DefaultTestContext@57b711b6 testClass = TestUser, testInstance = com.twenty20.services.test.TestUser@2db461b5, testMethod = testUser@TestUser, testException = [null], mergedContextConfiguration = [MergedContextConfiguration@63c84d31 testClass = TestUser, locations = '{classpath:appContext.xml}', classes = '{}', contextInitializerClasses = '[]', activeProfiles = '{}', propertySourceLocations = '{}', propertySourceProperties = '{}', contextCustomizers = set[[empty]], contextLoader = 'org.springframework.test.context.support.DelegatingSmartContextLoader', parent = [null]]]; transaction manager [org.springframework.orm.jpa.JpaTransactionManager@3cead673]; rollback [false]
2017-12-02 15:17:21 INFO  GlobalSettings:113 - Trying to find Dozer configuration file: dozer.properties
2017-12-02 15:17:21 WARN  GlobalSettings:118 - Dozer configuration file not found: dozer.properties.  Using defaults for all Dozer global properties.
2017-12-02 15:17:21 INFO  DozerInitializer:75 - Initializing Dozer. Version: 5.5.0, Thread Name: main
2017-12-02 15:17:21 INFO  JMXPlatformImpl:66 - Dozer JMX MBean [org.dozer.jmx:type=DozerStatisticsController] auto registered with the Platform MBean Server
2017-12-02 15:17:21 INFO  JMXPlatformImpl:66 - Dozer JMX MBean [org.dozer.jmx:type=DozerAdminController] auto registered with the Platform MBean Server
2017-12-02 15:17:21 INFO  DozerBeanMapper:175 - Initializing a new instance of dozer bean mapper.
2017-12-02 15:17:21 INFO  TransactionContext:136 - Committed transaction for test context [DefaultTestContext@57b711b6 testClass = TestUser, testInstance = com.twenty20.services.test.TestUser@2db461b5, testMethod = testUser@TestUser, testException = [null], mergedContextConfiguration = [MergedContextConfiguration@63c84d31 testClass = TestUser, locations = '{classpath:appContext.xml}', classes = '{}', contextInitializerClasses = '[]', activeProfiles = '{}', propertySourceLocations = '{}', propertySourceProperties = '{}', contextCustomizers = set[[empty]], contextLoader = 'org.springframework.test.context.support.DelegatingSmartContextLoader', parent = [null]]].
2017-12-02 15:17:21 INFO  GenericApplicationContext:984 - Closing org.springframework.context.support.GenericApplicationContext@6b2ea799: startup date [Sat Dec 02 15:17:06 IST 2017]; root of context hierarchy
2017-12-02 15:17:21 INFO  LocalContainerEntityManagerFactoryBean:548 - Closing JPA EntityManagerFactory for persistence unit 'V2CRM_PersistenceUnit'
2017-12-02 18:34:47 INFO  DefaultTestContextBootstrapper:260 - Loaded default TestExecutionListener class names from location [META-INF/spring.factories]: [org.springframework.test.context.web.ServletTestExecutionListener, org.springframework.test.context.support.DirtiesContextBeforeModesTestExecutionListener, org.springframework.test.context.support.DependencyInjectionTestExecutionListener, org.springframework.test.context.support.DirtiesContextTestExecutionListener, org.springframework.test.context.transaction.TransactionalTestExecutionListener, org.springframework.test.context.jdbc.SqlScriptsTestExecutionListener]
2017-12-02 18:34:48 INFO  DefaultTestContextBootstrapper:187 - Using TestExecutionListeners: [org.springframework.test.context.web.ServletTestExecutionListener@72d1ad2e, org.springframework.test.context.support.DirtiesContextBeforeModesTestExecutionListener@2d7275fc, org.springframework.test.context.support.DependencyInjectionTestExecutionListener@399f45b1, org.springframework.test.context.support.DirtiesContextTestExecutionListener@38c6f217, org.springframework.test.context.transaction.TransactionalTestExecutionListener@478190fc, org.springframework.test.context.jdbc.SqlScriptsTestExecutionListener@79e2c065]
2017-12-02 18:34:48 INFO  XmlBeanDefinitionReader:317 - Loading XML bean definitions from class path resource [appContext.xml]
2017-12-02 18:34:48 INFO  GenericApplicationContext:583 - Refreshing org.springframework.context.support.GenericApplicationContext@3c41ed1d: startup date [Sat Dec 02 18:34:48 IST 2017]; root of context hierarchy
2017-12-02 18:34:49 INFO  AutowiredAnnotationBeanPostProcessor:155 - JSR-330 'javax.inject.Inject' annotation found and supported for autowiring
2017-12-02 18:34:49 INFO  MLog:212 - MLog clients using slf4j logging.
2017-12-02 18:34:49 INFO  C3P0Registry:212 - Initializing c3p0-0.9.5.2 [built 08-December-2015 22:06:04 -0800; debug? true; trace: 10]
2017-12-02 18:34:49 INFO  LocalContainerEntityManagerFactoryBean:349 - Building JPA container EntityManagerFactory for persistence unit 'V2CRM_PersistenceUnit'
2017-12-02 18:34:49 INFO  LogHelper:31 - HHH000204: Processing PersistenceUnitInfo [
	name: V2CRM_PersistenceUnit
	...]
2017-12-02 18:34:50 INFO  Version:45 - HHH000412: Hibernate Core {5.2.10.Final}
2017-12-02 18:34:50 INFO  Environment:213 - HHH000206: hibernate.properties not found
2017-12-02 18:34:50 INFO  Version:66 - HCANN000001: Hibernate Commons Annotations {5.0.1.Final}
2017-12-02 18:34:50 INFO  AbstractPoolBackedDataSource:212 - Initializing c3p0 pool... com.mchange.v2.c3p0.ComboPooledDataSource [ acquireIncrement -> 3, acquireRetryAttempts -> 30, acquireRetryDelay -> 1000, autoCommitOnClose -> false, automaticTestTable -> null, breakAfterAcquireFailure -> false, checkoutTimeout -> 5000, connectionCustomizerClassName -> null, connectionTesterClassName -> com.mchange.v2.c3p0.impl.DefaultConnectionTester, contextClassLoaderSource -> caller, dataSourceName -> 1hge1189s6h132l1m2nlbh|4ebea12c, debugUnreturnedConnectionStackTraces -> false, description -> null, driverClass -> com.mysql.jdbc.Driver, extensions -> {}, factoryClassLocation -> null, forceIgnoreUnresolvedTransactions -> false, forceSynchronousCheckins -> false, forceUseNamedDriverClass -> false, identityToken -> 1hge1189s6h132l1m2nlbh|4ebea12c, idleConnectionTestPeriod -> 60, initialPoolSize -> 3, jdbcUrl -> jdbc:mysql://localhost:3306/twenty20, maxAdministrativeTaskTime -> 0, maxConnectionAge -> 10, maxIdleTime -> 180, maxIdleTimeExcessConnections -> 0, maxPoolSize -> 25, maxStatements -> 0, maxStatementsPerConnection -> 0, minPoolSize -> 6, numHelperThreads -> 3, preferredTestQuery -> SELECT 1, privilegeSpawnedThreads -> false, properties -> {user=******, password=******}, propertyCycle -> 0, statementCacheNumDeferredCloseThreads -> 0, testConnectionOnCheckin -> true, testConnectionOnCheckout -> true, unreturnedConnectionTimeout -> 0, userOverrides -> {}, usesTraditionalReflectiveProxies -> false ]
2017-12-02 18:34:50 WARN  BasicResourcePool:220 - Bad pool size config, start 3 < min 6. Using 6 as start.
2017-12-02 18:34:51 INFO  Dialect:157 - HHH000400: Using dialect: org.hibernate.dialect.MySQL5InnoDBDialect
2017-12-02 18:34:51 INFO  Version:30 - HV000001: Hibernate Validator 5.4.0.Final
2017-12-02 18:34:52 INFO  Version:26 - HSEARCH000034: Hibernate Search 5.6.0.Final
2017-12-02 18:34:53 INFO  QueryTranslatorFactoryInitiator:47 - HHH000397: Using ASTQueryTranslatorFactory
2017-12-02 18:34:54 WARN  LuceneEmbeddedAnalyzerStrategy:56 - HSEARCH000075: Configuration setting hibernate.search.lucene_version was not specified: using LUCENE_CURRENT.
2017-12-02 18:34:54 INFO  LocalContainerEntityManagerFactoryBean:379 - Initialized JPA EntityManagerFactory for persistence unit 'V2CRM_PersistenceUnit'
2017-12-02 18:34:54 INFO  ServerImpl:85 - Setting the server's publish address to be /rest/
2017-12-02 18:34:55 INFO  TransactionContext:101 - Began transaction (1) for test context [DefaultTestContext@437c1a87 testClass = TestUser, testInstance = com.twenty20.services.test.TestUser@5b55c3d6, testMethod = testUser@TestUser, testException = [null], mergedContextConfiguration = [MergedContextConfiguration@74619273 testClass = TestUser, locations = '{classpath:appContext.xml}', classes = '{}', contextInitializerClasses = '[]', activeProfiles = '{}', propertySourceLocations = '{}', propertySourceProperties = '{}', contextCustomizers = set[[empty]], contextLoader = 'org.springframework.test.context.support.DelegatingSmartContextLoader', parent = [null]]]; transaction manager [org.springframework.orm.jpa.JpaTransactionManager@2d2f09a4]; rollback [false]
2017-12-02 18:34:55 INFO  GlobalSettings:113 - Trying to find Dozer configuration file: dozer.properties
2017-12-02 18:34:55 WARN  GlobalSettings:118 - Dozer configuration file not found: dozer.properties.  Using defaults for all Dozer global properties.
2017-12-02 18:34:55 INFO  DozerInitializer:75 - Initializing Dozer. Version: 5.5.0, Thread Name: main
2017-12-02 18:34:55 INFO  JMXPlatformImpl:66 - Dozer JMX MBean [org.dozer.jmx:type=DozerStatisticsController] auto registered with the Platform MBean Server
2017-12-02 18:34:55 INFO  JMXPlatformImpl:66 - Dozer JMX MBean [org.dozer.jmx:type=DozerAdminController] auto registered with the Platform MBean Server
2017-12-02 18:34:55 INFO  DozerBeanMapper:175 - Initializing a new instance of dozer bean mapper.
2017-12-02 18:34:56 INFO  TransactionContext:136 - Committed transaction for test context [DefaultTestContext@437c1a87 testClass = TestUser, testInstance = com.twenty20.services.test.TestUser@5b55c3d6, testMethod = testUser@TestUser, testException = [null], mergedContextConfiguration = [MergedContextConfiguration@74619273 testClass = TestUser, locations = '{classpath:appContext.xml}', classes = '{}', contextInitializerClasses = '[]', activeProfiles = '{}', propertySourceLocations = '{}', propertySourceProperties = '{}', contextCustomizers = set[[empty]], contextLoader = 'org.springframework.test.context.support.DelegatingSmartContextLoader', parent = [null]]].
2017-12-02 18:34:56 INFO  GenericApplicationContext:984 - Closing org.springframework.context.support.GenericApplicationContext@3c41ed1d: startup date [Sat Dec 02 18:34:48 IST 2017]; root of context hierarchy
2017-12-02 18:34:56 INFO  LocalContainerEntityManagerFactoryBean:548 - Closing JPA EntityManagerFactory for persistence unit 'V2CRM_PersistenceUnit'
